c:\dana\sampleapp\app1\debug\app1\samplepixelshader.cso
c:\dana\sampleapp\app1\debug\app1\samplevertexshader.cso
c:\dana\sampleapp\app1\debug\app1\app1.winmd
c:\dana\sampleapp\app1\app1\debug\resourcehandlingtask.state
c:\dana\sampleapp\app1\app1\debug\app1.vcxproj.generateresource.cache
c:\dana\sampleapp\app1\app1\debug\priconfig.xml
c:\dana\sampleapp\app1\app1\debug\priconfig.xml.intermediate
c:\dana\sampleapp\app1\app1\debug\layout.resfiles
c:\dana\sampleapp\app1\app1\debug\layout.resfiles.intermediate
c:\dana\sampleapp\app1\app1\debug\resources.resfiles
c:\dana\sampleapp\app1\app1\debug\resources.resfiles.intermediate
c:\dana\sampleapp\app1\app1\debug\pri.resfiles
c:\dana\sampleapp\app1\app1\debug\pri.resfiles.intermediate
c:\dana\sampleapp\app1\debug\app1\resources.pri
c:\dana\sampleapp\app1\app1\debug\qualifiers.txt
c:\dana\sampleapp\app1\app1\debug\qualifiers.txt.intermediate
c:\dana\sampleapp\app1\app1\debug\multiplequalifiersperdimensionfound.txt
c:\dana\sampleapp\app1\app1\debug\projectarchitectures.txt
c:\dana\sampleapp\app1\debug\app1\appxmanifest.xml
c:\dana\sampleapp\app1\debug\app1\app1.build.appxrecipe
c:\dana\sampleapp\app1\app1\debug\app1.vcxprojresolveassemblyreference.cache
c:\dana\sampleapp\app1\app1\debug\pch.pch
c:\dana\sampleapp\app1\app1\debug\vc140.pdb
c:\dana\sampleapp\app1\app1\debug\vc140.idb
c:\dana\sampleapp\app1\app1\debug\pch.obj
c:\dana\sampleapp\app1\app1\debug\samplefpstextrenderer.obj
c:\dana\sampleapp\app1\app1\debug\sample3dscenerenderer.obj
c:\dana\sampleapp\app1\app1\debug\app1main.obj
c:\dana\sampleapp\app1\app1\debug\app.obj
c:\dana\sampleapp\app1\app1\debug\deviceresources.obj
c:\dana\sampleapp\app1\debug\app1\app1.ilk
c:\dana\sampleapp\app1\debug\app1\app1.exe
c:\dana\sampleapp\app1\debug\app1\app1.pdb
c:\dana\sampleapp\app1\app1\debug\embed.resfiles
c:\dana\sampleapp\app1\app1\debug\app1.tlog\app1.read.1u.tlog
c:\dana\sampleapp\app1\app1\debug\app1.tlog\app1.write.1u.tlog
c:\dana\sampleapp\app1\app1\debug\app1.tlog\cl.command.1.tlog
c:\dana\sampleapp\app1\app1\debug\app1.tlog\cl.read.1.tlog
c:\dana\sampleapp\app1\app1\debug\app1.tlog\cl.write.1.tlog
c:\dana\sampleapp\app1\app1\debug\app1.tlog\fxc.command.1.tlog
c:\dana\sampleapp\app1\app1\debug\app1.tlog\fxc.read.1.tlog
c:\dana\sampleapp\app1\app1\debug\app1.tlog\fxc.write.1.tlog
c:\dana\sampleapp\app1\app1\debug\app1.tlog\link.command.1.tlog
c:\dana\sampleapp\app1\app1\debug\app1.tlog\link.read.1.tlog
c:\dana\sampleapp\app1\app1\debug\app1.tlog\link.write.1.tlog
